<?xml version="1.0" encoding="UTF-8"?>
<testsuite xmlns:xsi="http://www.w3.org/2001/XMLSchema-instance" xsi:noNamespaceSchemaLocation="https://maven.apache.org/surefire/maven-surefire-plugin/xsd/surefire-test-report-3.0.xsd" version="3.0" name="com.pc001.ProducerConsumerTest" time="0.446" tests="6" errors="0" skipped="0" failures="0">
  <properties>
[...]
</properties>
  <testcase name="testQueueSizeOne" classname="com.pc001.ProducerConsumerTest" time="0.073">
    <system-out><![CDATA[
=======================================
 Starting Test: testQueueSizeOne()
=======================================

Produced: 10
Consumed: 10
Produced: 20
Produced: 30
Consumed: 20
Produced: 40
Consumed: 30
Consumed: 40
✔ testQueueSizeOne passed

]]></system-out>
  </testcase>
  <testcase name="testQueueBlockingBehavior" classname="com.pc001.ProducerConsumerTest" time="0.135">
    <system-out><![CDATA[
=======================================
 Starting Test: testQueueBlockingBehavior()
=======================================

Produced: 1
Produced: 2
Consumed: 1
Produced: 3
Consumed: 2
Produced: 4
Consumed: 3
Produced: 5
Consumed: 4
Consumed: 5
Produced: 6
Consumed: 6
Produced: 7
Produced: 8
Consumed: 7
Consumed: 8
Produced: 9
Produced: 10
Consumed: 9
Consumed: 10
✔ testQueueBlockingBehavior passed

]]></system-out>
  </testcase>
  <testcase name="testEmptySourceList" classname="com.pc001.ProducerConsumerTest" time="0.001">
    <system-out><![CDATA[
=======================================
 Starting Test: testEmptySourceList()
=======================================

✔ testEmptySourceList passed

]]></system-out>
  </testcase>
  <testcase name="testConsumerStopsAtPoisonPill" classname="com.pc001.ProducerConsumerTest" time="0.048">
    <system-out><![CDATA[
=======================================
 Starting Test: testConsumerStopsAtPoisonPill()
=======================================

Produced: 1
Produced: 2
Consumed: 1
Produced: 3
Consumed: 2
Consumed: 3
✔ testConsumerStopsAtPoisonPill passed

]]></system-out>
  </testcase>
  <testcase name="testProducerConsumerTransfer" classname="com.pc001.ProducerConsumerTest" time="0.072">
    <system-out><![CDATA[
=======================================
 Starting Test: testProducerConsumerTransfer()
=======================================

Produced: 1
Consumed: 1
Produced: 2
Consumed: 2
Produced: 3
Produced: 4
Consumed: 3
Produced: 5
Consumed: 4
Consumed: 5
✔ testProducerConsumerTransfer passed

]]></system-out>
  </testcase>
  <testcase name="testConsumerWaitsOnEmptyQueue" classname="com.pc001.ProducerConsumerTest" time="0.101">
    <system-out><![CDATA[
=======================================
 Starting Test: testConsumerWaitsOnEmptyQueue()
=======================================

Produced: 100
Consumed: 100
Produced: 200
Consumed: 200
Produced: 300
Consumed: 300
✔ testConsumerWaitsOnEmptyQueue passed

]]></system-out>
  </testcase>
</testsuite>