<?xml version="1.0" encoding="UTF-8"?>
<testsuite xmlns:xsi="http://www.w3.org/2001/XMLSchema-instance" xsi:noNamespaceSchemaLocation="https://maven.apache.org/surefire/maven-surefire-plugin/xsd/surefire-test-report-3.0.xsd" version="3.0" name="com.sa001.SalesAnalyzerTest" time="0.034" tests="4" errors="0" skipped="0" failures="0">
  <properties>
[...]
</properties>
  <testcase name="testRevenueByRegion" classname="com.sa001.SalesAnalyzerTest" time="0.014">
    <system-out><![CDATA[
=== testRevenueByRegion ===
Revenue by region: {South=20.0, North=35.0}
]]></system-out>
  </testcase>
  <testcase name="testTotalRevenue" classname="com.sa001.SalesAnalyzerTest" time="0.003">
    <system-out><![CDATA[
=== Running testTotalRevenue ===
Total revenue computed = 90.0
]]></system-out>
  </testcase>
  <testcase name="testTopSale" classname="com.sa001.SalesAnalyzerTest" time="0.005">
    <system-out><![CDATA[
=== Running testTopSale ===
Top sale result: SaleRecord{date='2024-01-02', region='South', product='B', quantity=5, price=20.0}
]]></system-out>
  </testcase>
  <testcase name="testCountByProduct" classname="com.sa001.SalesAnalyzerTest" time="0.001">
    <system-out><![CDATA[
=== Running testCountByProduct ===
Product counts: {A=2, B=1}
]]></system-out>
  </testcase>
</testsuite>